info: ::1 - - [05/Aug/2022:03:01:55 +0000] "POST /api/v1/users HTTP/1.1" 400 326 "-" "PostmanRuntime/7.29.2"

info: ::1 - - [05/Aug/2022:03:03:33 +0000] "GET /api/v1/users/login HTTP/1.1" 404 47 "-" "PostmanRuntime/7.29.2"

info: ::1 - - [05/Aug/2022:03:03:41 +0000] "POST /api/v1/users/login HTTP/1.1" 202 320 "-" "PostmanRuntime/7.29.2"

info: ::1 - - [05/Aug/2022:03:04:03 +0000] "POST /api/v1/users/login HTTP/1.1" 400 61 "-" "PostmanRuntime/7.29.2"

info: ::1 - - [05/Aug/2022:03:04:26 +0000] "POST /api/v1/users/login HTTP/1.1" 400 61 "-" "PostmanRuntime/7.29.2"

info: ::1 - - [05/Aug/2022:03:05:11 +0000] "POST /api/v1/users/login HTTP/1.1" 400 51 "-" "PostmanRuntime/7.29.2"

info: ::1 - - [05/Aug/2022:03:05:16 +0000] "POST /api/v1/users/login HTTP/1.1" 400 51 "-" "PostmanRuntime/7.29.2"

info: ::1 - - [05/Aug/2022:03:05:35 +0000] "POST /api/v1/users/login HTTP/1.1" 400 48 "-" "PostmanRuntime/7.29.2"

info: ::1 - - [05/Aug/2022:13:28:35 +0000] "POST /api/v1/note/addNote HTTP/1.1" 500 67 "-" "PostmanRuntime/7.29.2"

info: ::1 - - [05/Aug/2022:13:32:03 +0000] "POST /api/v1/note/addNote HTTP/1.1" 500 67 "-" "PostmanRuntime/7.29.2"

info: ::1 - - [05/Aug/2022:13:33:24 +0000] "POST /api/v1/note/addNote HTTP/1.1" 500 60 "-" "PostmanRuntime/7.29.2"

info: ::1 - - [05/Aug/2022:13:33:47 +0000] "POST /api/v1/note/addNote HTTP/1.1" 201 276 "-" "PostmanRuntime/7.29.2"

info: ::1 - - [05/Aug/2022:13:34:36 +0000] "POST /api/v1/note/addNote HTTP/1.1" 201 290 "-" "PostmanRuntime/7.29.2"

info: ::1 - - [05/Aug/2022:13:34:47 +0000] "GET /api/v1/note/addNote HTTP/1.1" 404 47 "-" "PostmanRuntime/7.29.2"

info: ::1 - - [05/Aug/2022:13:35:26 +0000] "GET /api/v1/note/getAllNote HTTP/1.1" 200 516 "-" "PostmanRuntime/7.29.2"

info: ::1 - - [05/Aug/2022:13:42:38 +0000] "GET /api/v1/note/_id HTTP/1.1" 400 62 "-" "PostmanRuntime/7.29.2"

info: ::1 - - [05/Aug/2022:13:43:39 +0000] "GET /api/v1/note/getAllNote HTTP/1.1" 200 63 "-" "PostmanRuntime/7.29.2"

info: ::1 - - [05/Aug/2022:13:44:20 +0000] "GET /api/v1/note/getAllNote HTTP/1.1" 200 516 "-" "PostmanRuntime/7.29.2"

info: ::1 - - [05/Aug/2022:13:45:50 +0000] "GET /api/v1/note/_id HTTP/1.1" 400 62 "-" "PostmanRuntime/7.29.2"

info: ::1 - - [05/Aug/2022:13:49:45 +0000] "PUT /api/v1/note/_id HTTP/1.1" 400 141 "-" "PostmanRuntime/7.29.2"

info: ::1 - - [05/Aug/2022:13:51:11 +0000] "PUT /api/v1/note/_id HTTP/1.1" 400 141 "-" "PostmanRuntime/7.29.2"

info: ::1 - - [05/Aug/2022:13:54:39 +0000] "PUT /api/v1/note/_id HTTP/1.1" 400 141 "-" "PostmanRuntime/7.29.2"

info: ::1 - - [05/Aug/2022:13:54:41 +0000] "PUT /api/v1/note/_id HTTP/1.1" 400 141 "-" "PostmanRuntime/7.29.2"

info: ::1 - - [05/Aug/2022:14:05:59 +0000] "PUT /api/v1/note/_id HTTP/1.1" 400 141 "-" "PostmanRuntime/7.29.2"

info: ::1 - - [05/Aug/2022:14:07:26 +0000] "PUT /api/v1/note/_id HTTP/1.1" 400 141 "-" "PostmanRuntime/7.29.2"

info: ::1 - - [05/Aug/2022:14:08:23 +0000] "PUT /api/v1/note/_id HTTP/1.1" 400 141 "-" "PostmanRuntime/7.29.2"

info: ::1 - - [05/Aug/2022:14:20:17 +0000] "GET /api/v1/note/_id HTTP/1.1" 400 62 "-" "PostmanRuntime/7.29.2"

info: ::1 - - [05/Aug/2022:14:22:02 +0000] "POST /api/v1/note/addNote HTTP/1.1" 500 56 "-" "PostmanRuntime/7.29.2"

info: ::1 - - [05/Aug/2022:14:22:50 +0000] "POST /api/v1/note/addNote HTTP/1.1" 201 279 "-" "PostmanRuntime/7.29.2"

info: ::1 - - [05/Aug/2022:14:23:57 +0000] "GET /api/v1/note/addNote/_id HTTP/1.1" 404 47 "-" "PostmanRuntime/7.29.2"

info: ::1 - - [05/Aug/2022:14:24:30 +0000] "GET /api/v1/note/_id HTTP/1.1" 400 62 "-" "PostmanRuntime/7.29.2"

info: ::1 - - [05/Aug/2022:14:24:53 +0000] "GET /api/v1/note/userrId HTTP/1.1" 404 47 "-" "PostmanRuntime/7.29.2"

info: ::1 - - [05/Aug/2022:14:25:49 +0000] "GET /api/v1/note/_id HTTP/1.1" 400 62 "-" "PostmanRuntime/7.29.2"

info: ::1 - - [05/Aug/2022:14:27:23 +0000] "GET /api/v1/_id HTTP/1.1" 404 47 "-" "PostmanRuntime/7.29.2"

info: ::1 - - [05/Aug/2022:14:27:29 +0000] "GET /api/v1/note_id HTTP/1.1" 404 47 "-" "PostmanRuntime/7.29.2"

info: ::1 - - [05/Aug/2022:14:27:35 +0000] "GET /api/v1/note/_id HTTP/1.1" 400 62 "-" "PostmanRuntime/7.29.2"

info: ::1 - - [05/Aug/2022:14:29:06 +0000] "GET /api/v1/note/_id HTTP/1.1" 400 62 "-" "PostmanRuntime/7.29.2"

info: ::1 - - [05/Aug/2022:14:40:47 +0000] "GET /api/v1/note/_id HTTP/1.1" 400 62 "-" "PostmanRuntime/7.29.2"

info: ::1 - - [05/Aug/2022:14:41:24 +0000] "GET /api/v1/note/id HTTP/1.1" 404 47 "-" "PostmanRuntime/7.29.2"

info: ::1 - - [05/Aug/2022:14:41:50 +0000] "GET /api/v1/note/_id HTTP/1.1" 400 62 "-" "PostmanRuntime/7.29.2"

info: ::1 - - [05/Aug/2022:14:46:25 +0000] "GET /api/v1/note/_id/62ed27ba435fd82110bb7a01 HTTP/1.1" 404 47 "-" "PostmanRuntime/7.29.2"

info: ::1 - - [05/Aug/2022:14:46:36 +0000] "GET /api/v1/note/62ed27ba435fd82110bb7a01 HTTP/1.1" 404 47 "-" "PostmanRuntime/7.29.2"

info: ::1 - - [05/Aug/2022:14:46:38 +0000] "GET /api/v1/note/62ed27ba435fd82110bb7a01 HTTP/1.1" 404 47 "-" "PostmanRuntime/7.29.2"

info: ::1 - - [05/Aug/2022:14:46:49 +0000] "GET /api/v1/note/62ed27ba435fd82110bb7a01 HTTP/1.1" 404 47 "-" "PostmanRuntime/7.29.2"

info: ::1 - - [05/Aug/2022:14:46:51 +0000] "GET /api/v1/note/62ed27ba435fd82110bb7a01 HTTP/1.1" 404 47 "-" "PostmanRuntime/7.29.2"

info: ::1 - - [05/Aug/2022:14:55:59 +0000] "GET /api/v1/note/62ed27ba435fd82110bb7a01 HTTP/1.1" 404 47 "-" "PostmanRuntime/7.29.2"

info: ::1 - - [05/Aug/2022:14:58:20 +0000] "GET /api/v1/note/62ed27ba435fd82110bb7a01 HTTP/1.1" 404 47 "-" "PostmanRuntime/7.29.2"

info: ::1 - - [05/Aug/2022:14:58:22 +0000] "GET /api/v1/note/62ed27ba435fd82110bb7a01 HTTP/1.1" 404 47 "-" "PostmanRuntime/7.29.2"

info: ::1 - - [05/Aug/2022:14:58:23 +0000] "GET /api/v1/note/62ed27ba435fd82110bb7a01 HTTP/1.1" 404 47 "-" "PostmanRuntime/7.29.2"

info: ::1 - - [05/Aug/2022:15:00:59 +0000] "PUT /api/v1/note/62ed27ba435fd82110bb7a01 HTTP/1.1" 404 47 "-" "PostmanRuntime/7.29.2"

info: ::1 - - [05/Aug/2022:15:01:00 +0000] "PUT /api/v1/note/62ed27ba435fd82110bb7a01 HTTP/1.1" 404 47 "-" "PostmanRuntime/7.29.2"

info: ::1 - - [05/Aug/2022:15:01:02 +0000] "PUT /api/v1/note/62ed27ba435fd82110bb7a01 HTTP/1.1" 404 47 "-" "PostmanRuntime/7.29.2"

info: ::1 - - [05/Aug/2022:15:01:40 +0000] "PUT /api/v1/note/62ed27ba435fd82110bb7a01 HTTP/1.1" 404 47 "-" "PostmanRuntime/7.29.2"

info: ::1 - - [05/Aug/2022:15:01:42 +0000] "PUT /api/v1/note/62ed27ba435fd82110bb7a01 HTTP/1.1" 404 47 "-" "PostmanRuntime/7.29.2"

info: ::1 - - [05/Aug/2022:15:02:49 +0000] "DELETE /api/v1/note/62ed27ba435fd82110bb7a01 HTTP/1.1" 404 47 "-" "PostmanRuntime/7.29.2"

info: ::1 - - [05/Aug/2022:15:02:51 +0000] "DELETE /api/v1/note/62ed27ba435fd82110bb7a01 HTTP/1.1" 404 47 "-" "PostmanRuntime/7.29.2"

info: ::1 - - [05/Aug/2022:15:03:32 +0000] "GET /api/v1/note/62ed27ba435fd82110bb7a01 HTTP/1.1" 404 47 "-" "PostmanRuntime/7.29.2"

info: ::1 - - [05/Aug/2022:15:05:54 +0000] "GET /api/v1/note/62ed27ba435fd82110bb7a01 HTTP/1.1" 404 47 "-" "PostmanRuntime/7.29.2"

info: ::1 - - [05/Aug/2022:15:07:06 +0000] "GET /api/v1/note/62ed27ba435fd82110bb7a01 HTTP/1.1" 404 47 "-" "PostmanRuntime/7.29.2"

info: ::1 - - [05/Aug/2022:15:07:08 +0000] "GET /api/v1/note/62ed27ba435fd82110bb7a01 HTTP/1.1" 404 47 "-" "PostmanRuntime/7.29.2"

info: ::1 - - [05/Aug/2022:15:07:09 +0000] "GET /api/v1/note/62ed27ba435fd82110bb7a01 HTTP/1.1" 404 47 "-" "PostmanRuntime/7.29.2"

info: ::1 - - [05/Aug/2022:15:09:41 +0000] "DELETE /api/v1/note/62ed1c3b40bcd455a44abd9d HTTP/1.1" 404 47 "-" "PostmanRuntime/7.29.2"

info: ::1 - - [05/Aug/2022:15:09:43 +0000] "DELETE /api/v1/note/62ed1c3b40bcd455a44abd9d HTTP/1.1" 404 47 "-" "PostmanRuntime/7.29.2"

info: ::1 - - [05/Aug/2022:15:10:37 +0000] "DELETE /api/v1/note/62ed1c3b40bcd455a44abd9d HTTP/1.1" 404 47 "-" "PostmanRuntime/7.29.2"

info: ::1 - - [05/Aug/2022:15:10:39 +0000] "DELETE /api/v1/note/62ed1c3b40bcd455a44abd9d HTTP/1.1" 404 47 "-" "PostmanRuntime/7.29.2"

info: ::1 - - [05/Aug/2022:15:20:43 +0000] "DELETE /api/v1/note/62ed1c3b40bcd455a44abd9d HTTP/1.1" 404 47 "-" "PostmanRuntime/7.29.2"

info: ::1 - - [05/Aug/2022:15:20:45 +0000] "DELETE /api/v1/note/62ed1c3b40bcd455a44abd9d HTTP/1.1" 404 47 "-" "PostmanRuntime/7.29.2"

