info: ::1 - - [04/Aug/2022:04:35:38 +0000] "POST /api/v1/login HTTP/1.1" 500 60 "-" "PostmanRuntime/7.29.2"

info: ::1 - - [04/Aug/2022:04:37:24 +0000] "POST /api/v1/users HTTP/1.1" 500 60 "-" "PostmanRuntime/7.29.2"

info: ::1 - - [04/Aug/2022:04:37:40 +0000] "POST /api/v1/users HTTP/1.1" 400 272 "-" "PostmanRuntime/7.29.2"

info: ::1 - - [04/Aug/2022:04:43:25 +0000] "POST /api/v1/users HTTP/1.1" 400 270 "-" "PostmanRuntime/7.29.2"

info: ::1 - - [04/Aug/2022:04:46:42 +0000] "GET /api/v1/login HTTP/1.1" 404 47 "-" "PostmanRuntime/7.29.2"

info: ::1 - - [04/Aug/2022:04:46:53 +0000] "GET /api/v1/login HTTP/1.1" 200 484 "-" "PostmanRuntime/7.29.2"

info: ::1 - - [04/Aug/2022:04:47:01 +0000] "GET /api/v1/login HTTP/1.1" 200 484 "-" "PostmanRuntime/7.29.2"

info: ::1 - - [04/Aug/2022:04:47:10 +0000] "GET /api/v1/login HTTP/1.1" 200 484 "-" "PostmanRuntime/7.29.2"

info: ::1 - - [04/Aug/2022:04:47:32 +0000] "GET /api/v1/login HTTP/1.1" 200 484 "-" "PostmanRuntime/7.29.2"

info: ::1 - - [04/Aug/2022:04:47:51 +0000] "GET /api/v1/user HTTP/1.1" 404 47 "-" "PostmanRuntime/7.29.2"

info: ::1 - - [04/Aug/2022:04:47:56 +0000] "GET /api/v1/user HTTP/1.1" 404 47 "-" "PostmanRuntime/7.29.2"

info: ::1 - - [04/Aug/2022:04:47:58 +0000] "GET /api/v1/user HTTP/1.1" 404 47 "-" "PostmanRuntime/7.29.2"

info: ::1 - - [04/Aug/2022:04:48:18 +0000] "GET /api/v1/users HTTP/1.1" 200 484 "-" "PostmanRuntime/7.29.2"

info: ::1 - - [04/Aug/2022:04:49:27 +0000] "GET /api/v1/login HTTP/1.1" 200 484 "-" "PostmanRuntime/7.29.2"

info: ::1 - - [04/Aug/2022:04:50:00 +0000] "GET /api/v1/login HTTP/1.1" 200 484 "-" "PostmanRuntime/7.29.2"

info: ::1 - - [04/Aug/2022:04:50:02 +0000] "GET /api/v1/login HTTP/1.1" 200 484 "-" "PostmanRuntime/7.29.2"

info: ::1 - - [04/Aug/2022:04:50:12 +0000] "GET /api/v1/login HTTP/1.1" 200 484 "-" "PostmanRuntime/7.29.2"

info: ::1 - - [04/Aug/2022:04:50:14 +0000] "GET /api/v1/login HTTP/1.1" 200 484 "-" "PostmanRuntime/7.29.2"

info: ::1 - - [04/Aug/2022:04:52:28 +0000] "GET /api/v1/login HTTP/1.1" 200 484 "-" "PostmanRuntime/7.29.2"

info: ::1 - - [04/Aug/2022:04:54:42 +0000] "GET /api/v1/login HTTP/1.1" 200 484 "-" "PostmanRuntime/7.29.2"

info: ::1 - - [04/Aug/2022:04:54:59 +0000] "GET /api/v1/login HTTP/1.1" 200 484 "-" "PostmanRuntime/7.29.2"

info: ::1 - - [04/Aug/2022:04:55:21 +0000] "POST /api/v1/login HTTP/1.1" 500 60 "-" "PostmanRuntime/7.29.2"

info: ::1 - - [04/Aug/2022:04:55:38 +0000] "POST /api/v1/login HTTP/1.1" 500 60 "-" "PostmanRuntime/7.29.2"

info: ::1 - - [04/Aug/2022:04:59:26 +0000] "POST /api/v1/login HTTP/1.1" 500 60 "-" "PostmanRuntime/7.29.2"

info: ::1 - - [04/Aug/2022:04:59:36 +0000] "POST /api/v1/login HTTP/1.1" 500 60 "-" "PostmanRuntime/7.29.2"

info: ::1 - - [04/Aug/2022:05:11:14 +0000] "POST /api/v1/users/login HTTP/1.1" 202 266 "-" "PostmanRuntime/7.29.2"

info: ::1 - - [04/Aug/2022:05:11:26 +0000] "POST /api/v1/users/login HTTP/1.1" 202 266 "-" "PostmanRuntime/7.29.2"

info: ::1 - - [04/Aug/2022:05:11:52 +0000] "GET /api/v1/users HTTP/1.1" 200 484 "-" "PostmanRuntime/7.29.2"

info: ::1 - - [04/Aug/2022:05:16:09 +0000] "POST /api/v1/users/login HTTP/1.1" 400 49 "-" "PostmanRuntime/7.29.2"

info: ::1 - - [04/Aug/2022:05:16:34 +0000] "POST /api/v1/users/login HTTP/1.1" 400 49 "-" "PostmanRuntime/7.29.2"

info: ::1 - - [04/Aug/2022:05:16:49 +0000] "POST /api/v1/users/login HTTP/1.1" 202 266 "-" "PostmanRuntime/7.29.2"

info: ::1 - - [04/Aug/2022:05:17:01 +0000] "POST /api/v1/users/login HTTP/1.1" 202 266 "-" "PostmanRuntime/7.29.2"

info: ::1 - - [04/Aug/2022:05:17:17 +0000] "POST /api/v1/users/login HTTP/1.1" 202 266 "-" "PostmanRuntime/7.29.2"

info: ::1 - - [04/Aug/2022:05:17:19 +0000] "POST /api/v1/users/login HTTP/1.1" 202 266 "-" "PostmanRuntime/7.29.2"

info: ::1 - - [04/Aug/2022:05:17:39 +0000] "POST /api/v1/users/login HTTP/1.1" 400 49 "-" "PostmanRuntime/7.29.2"

info: ::1 - - [04/Aug/2022:10:30:21 +0000] "POST /api/v1/users/ HTTP/1.1" 400 326 "-" "PostmanRuntime/7.29.2"

info: ::1 - - [04/Aug/2022:10:33:52 +0000] "POST /api/v1/users/login HTTP/1.1" 202 320 "-" "PostmanRuntime/7.29.2"

