info: Server started at http://localhost:3000/api/v1/ {"timestamp":"2022-08-04T03:39:58.274Z"}
info: Connected to the database. {"timestamp":"2022-08-04T03:39:58.310Z"}
info: Server started at http://localhost:3000/api/v1/ {"timestamp":"2022-08-04T04:24:44.435Z"}
info: Connected to the database. {"timestamp":"2022-08-04T04:24:44.467Z"}
info: Server started at http://localhost:3000/api/v1/ {"timestamp":"2022-08-04T04:24:55.924Z"}
info: Connected to the database. {"timestamp":"2022-08-04T04:24:55.958Z"}
info: Server started at http://localhost:3000/api/v1/ {"timestamp":"2022-08-04T04:24:59.300Z"}
info: Connected to the database. {"timestamp":"2022-08-04T04:24:59.322Z"}
info: Server started at http://localhost:3000/api/v1/ {"timestamp":"2022-08-04T04:25:20.825Z"}
info: Connected to the database. {"timestamp":"2022-08-04T04:25:20.848Z"}
info: Server started at http://localhost:3000/api/v1/ {"timestamp":"2022-08-04T04:25:47.498Z"}
info: Connected to the database. {"timestamp":"2022-08-04T04:25:47.524Z"}
info: Server started at http://localhost:3000/api/v1/ {"timestamp":"2022-08-04T04:26:16.434Z"}
info: Connected to the database. {"timestamp":"2022-08-04T04:26:16.460Z"}
info: Server started at http://localhost:3000/api/v1/ {"timestamp":"2022-08-04T04:26:22.168Z"}
info: Connected to the database. {"timestamp":"2022-08-04T04:26:22.193Z"}
info: Server started at http://localhost:3000/api/v1/ {"timestamp":"2022-08-04T04:26:38.944Z"}
info: Connected to the database. {"timestamp":"2022-08-04T04:26:38.963Z"}
info: Server started at http://localhost:3000/api/v1/ {"timestamp":"2022-08-04T04:26:45.555Z"}
info: Connected to the database. {"timestamp":"2022-08-04T04:26:45.579Z"}
info: Server started at http://localhost:3000/api/v1/ {"timestamp":"2022-08-04T04:26:56.232Z"}
info: Connected to the database. {"timestamp":"2022-08-04T04:26:56.260Z"}
info: Server started at http://localhost:3000/api/v1/ {"timestamp":"2022-08-04T04:27:15.372Z"}
info: Connected to the database. {"timestamp":"2022-08-04T04:27:15.395Z"}
info: Server started at http://localhost:3000/api/v1/ {"timestamp":"2022-08-04T04:30:55.455Z"}
info: Connected to the database. {"timestamp":"2022-08-04T04:30:55.478Z"}
info: Server started at http://localhost:3000/api/v1/ {"timestamp":"2022-08-04T04:31:34.782Z"}
info: Connected to the database. {"timestamp":"2022-08-04T04:31:34.808Z"}
info: Server started at http://localhost:3000/api/v1/ {"timestamp":"2022-08-04T04:31:39.516Z"}
info: Connected to the database. {"timestamp":"2022-08-04T04:31:39.545Z"}
info: Server started at http://localhost:3000/api/v1/ {"timestamp":"2022-08-04T04:31:54.694Z"}
info: Connected to the database. {"timestamp":"2022-08-04T04:31:54.718Z"}
info: Server started at http://localhost:3000/api/v1/ {"timestamp":"2022-08-04T04:31:59.203Z"}
info: Connected to the database. {"timestamp":"2022-08-04T04:31:59.244Z"}
info: Server started at http://localhost:3000/api/v1/ {"timestamp":"2022-08-04T04:32:15.647Z"}
info: Connected to the database. {"timestamp":"2022-08-04T04:32:15.675Z"}
info: Server started at http://localhost:3000/api/v1/ {"timestamp":"2022-08-04T04:32:36.081Z"}
info: Connected to the database. {"timestamp":"2022-08-04T04:32:36.110Z"}
info: Server started at http://localhost:3000/api/v1/ {"timestamp":"2022-08-04T04:32:44.221Z"}
info: Connected to the database. {"timestamp":"2022-08-04T04:32:44.247Z"}
info: Server started at http://localhost:3000/api/v1/ {"timestamp":"2022-08-04T04:32:47.975Z"}
info: Connected to the database. {"timestamp":"2022-08-04T04:32:47.997Z"}
info: Server started at http://localhost:3000/api/v1/ {"timestamp":"2022-08-04T04:32:52.244Z"}
info: Connected to the database. {"timestamp":"2022-08-04T04:32:52.268Z"}
info: Server started at http://localhost:3000/api/v1/ {"timestamp":"2022-08-04T04:33:03.609Z"}
info: Connected to the database. {"timestamp":"2022-08-04T04:33:03.634Z"}
info: Server started at http://localhost:3000/api/v1/ {"timestamp":"2022-08-04T04:33:20.426Z"}
info: Connected to the database. {"timestamp":"2022-08-04T04:33:20.447Z"}
info: Server started at http://localhost:3000/api/v1/ {"timestamp":"2022-08-04T04:33:24.047Z"}
info: Connected to the database. {"timestamp":"2022-08-04T04:33:24.076Z"}
info: Server started at http://localhost:3000/api/v1/ {"timestamp":"2022-08-04T04:33:26.994Z"}
info: Connected to the database. {"timestamp":"2022-08-04T04:33:27.016Z"}
info: Server started at http://localhost:3000/api/v1/ {"timestamp":"2022-08-04T04:33:31.705Z"}
info: Connected to the database. {"timestamp":"2022-08-04T04:33:31.733Z"}
info: Server started at http://localhost:3000/api/v1/ {"timestamp":"2022-08-04T04:33:45.939Z"}
info: Connected to the database. {"timestamp":"2022-08-04T04:33:45.966Z"}
info: Server started at http://localhost:3000/api/v1/ {"timestamp":"2022-08-04T04:33:50.381Z"}
info: Connected to the database. {"timestamp":"2022-08-04T04:33:50.405Z"}
info: Server started at http://localhost:3000/api/v1/ {"timestamp":"2022-08-04T04:34:15.087Z"}
info: Connected to the database. {"timestamp":"2022-08-04T04:34:15.112Z"}
info: Server started at http://localhost:3000/api/v1/ {"timestamp":"2022-08-04T04:34:21.207Z"}
info: Connected to the database. {"timestamp":"2022-08-04T04:34:21.233Z"}
info: Server started at http://localhost:3000/api/v1/ {"timestamp":"2022-08-04T04:34:30.241Z"}
info: Connected to the database. {"timestamp":"2022-08-04T04:34:30.265Z"}
info: Server started at http://localhost:3000/api/v1/ {"timestamp":"2022-08-04T04:34:50.900Z"}
info: Connected to the database. {"timestamp":"2022-08-04T04:34:50.927Z"}
error: 
    status - 500 
    message - ValidationError: "firstName" is required 
    url - /api/v1/login 
    method - POST 
    IP - ::1
   {"timestamp":"2022-08-04T04:35:38.842Z"}
error: 
    status - 500 
    message - ValidationError: "firstName" is required 
    url - /api/v1/users 
    method - POST 
    IP - ::1
   {"timestamp":"2022-08-04T04:37:24.534Z"}
info: Server started at http://localhost:3000/api/v1/ {"timestamp":"2022-08-04T04:38:44.079Z"}
info: Connected to the database. {"timestamp":"2022-08-04T04:38:44.101Z"}
info: Server started at http://localhost:3000/api/v1/ {"timestamp":"2022-08-04T04:41:44.110Z"}
info: Connected to the database. {"timestamp":"2022-08-04T04:41:44.152Z"}
info: Server started at http://localhost:3000/api/v1/ {"timestamp":"2022-08-04T04:41:59.020Z"}
info: Connected to the database. {"timestamp":"2022-08-04T04:41:59.047Z"}
info: Server started at http://localhost:3000/api/v1/ {"timestamp":"2022-08-04T04:42:23.751Z"}
info: Connected to the database. {"timestamp":"2022-08-04T04:42:23.776Z"}
info: Server started at http://localhost:3000/api/v1/ {"timestamp":"2022-08-04T04:42:32.902Z"}
info: Connected to the database. {"timestamp":"2022-08-04T04:42:32.924Z"}
info: Server started at http://localhost:3000/api/v1/ {"timestamp":"2022-08-04T04:46:33.604Z"}
info: Connected to the database. {"timestamp":"2022-08-04T04:46:33.630Z"}
info: Server started at http://localhost:3000/api/v1/ {"timestamp":"2022-08-04T04:46:52.591Z"}
info: Connected to the database. {"timestamp":"2022-08-04T04:46:52.610Z"}
info: Server started at http://localhost:3000/api/v1/ {"timestamp":"2022-08-04T04:50:54.828Z"}
info: Connected to the database. {"timestamp":"2022-08-04T04:50:54.853Z"}
info: Server started at http://localhost:3000/api/v1/ {"timestamp":"2022-08-04T04:51:10.251Z"}
info: Connected to the database. {"timestamp":"2022-08-04T04:51:10.279Z"}
info: Server started at http://localhost:3000/api/v1/ {"timestamp":"2022-08-04T04:51:23.507Z"}
info: Connected to the database. {"timestamp":"2022-08-04T04:51:23.531Z"}
info: Server started at http://localhost:3000/api/v1/ {"timestamp":"2022-08-04T04:51:41.740Z"}
info: Connected to the database. {"timestamp":"2022-08-04T04:51:41.764Z"}
info: Server started at http://localhost:3000/api/v1/ {"timestamp":"2022-08-04T04:51:48.845Z"}
info: Connected to the database. {"timestamp":"2022-08-04T04:51:48.868Z"}
info: Server started at http://localhost:3000/api/v1/ {"timestamp":"2022-08-04T04:51:55.013Z"}
info: Connected to the database. {"timestamp":"2022-08-04T04:51:55.033Z"}
info: Server started at http://localhost:3000/api/v1/ {"timestamp":"2022-08-04T04:51:59.147Z"}
info: Connected to the database. {"timestamp":"2022-08-04T04:51:59.175Z"}
info: Server started at http://localhost:3000/api/v1/ {"timestamp":"2022-08-04T04:52:21.012Z"}
info: Connected to the database. {"timestamp":"2022-08-04T04:52:21.042Z"}
info: Server started at http://localhost:3000/api/v1/ {"timestamp":"2022-08-04T04:54:38.559Z"}
info: Connected to the database. {"timestamp":"2022-08-04T04:54:38.587Z"}
error: 
    status - 500 
    message - ValidationError: "firstName" is required 
    url - /api/v1/login 
    method - POST 
    IP - ::1
   {"timestamp":"2022-08-04T04:55:21.025Z"}
error: 
    status - 500 
    message - ValidationError: "firstName" is required 
    url - /api/v1/login 
    method - POST 
    IP - ::1
   {"timestamp":"2022-08-04T04:55:38.929Z"}
info: Server started at http://localhost:3000/api/v1/ {"timestamp":"2022-08-04T04:58:34.922Z"}
info: Connected to the database. {"timestamp":"2022-08-04T04:58:34.950Z"}
info: Server started at http://localhost:3000/api/v1/ {"timestamp":"2022-08-04T04:58:38.580Z"}
info: Connected to the database. {"timestamp":"2022-08-04T04:58:38.604Z"}
info: Server started at http://localhost:3000/api/v1/ {"timestamp":"2022-08-04T04:58:46.580Z"}
info: Connected to the database. {"timestamp":"2022-08-04T04:58:46.608Z"}
info: Server started at http://localhost:3000/api/v1/ {"timestamp":"2022-08-04T04:58:51.379Z"}
info: Connected to the database. {"timestamp":"2022-08-04T04:58:51.401Z"}
error: 
    status - 500 
    message - ValidationError: "firstName" is required 
    url - /api/v1/login 
    method - POST 
    IP - ::1
   {"timestamp":"2022-08-04T04:59:26.961Z"}
error: 
    status - 500 
    message - ValidationError: "firstName" is required 
    url - /api/v1/login 
    method - POST 
    IP - ::1
   {"timestamp":"2022-08-04T04:59:36.496Z"}
info: Server started at http://localhost:3000/api/v1/ {"timestamp":"2022-08-04T04:59:58.505Z"}
info: Connected to the database. {"timestamp":"2022-08-04T04:59:58.540Z"}
info: Server started at http://localhost:3000/api/v1/ {"timestamp":"2022-08-04T05:07:08.334Z"}
info: Connected to the database. {"timestamp":"2022-08-04T05:07:08.361Z"}
info: Server started at http://localhost:3000/api/v1/ {"timestamp":"2022-08-04T05:15:38.393Z"}
info: Connected to the database. {"timestamp":"2022-08-04T05:15:38.415Z"}
info: Server started at http://localhost:3000/api/v1/ {"timestamp":"2022-08-04T05:15:49.344Z"}
info: Connected to the database. {"timestamp":"2022-08-04T05:15:49.371Z"}
info: Server started at http://localhost:3000/api/v1/ {"timestamp":"2022-08-04T05:16:02.698Z"}
info: Connected to the database. {"timestamp":"2022-08-04T05:16:02.726Z"}
info: Server started at http://localhost:3000/api/v1/ {"timestamp":"2022-08-04T05:25:13.234Z"}
info: Connected to the database. {"timestamp":"2022-08-04T05:25:13.259Z"}
info: Server started at http://localhost:3000/api/v1/ {"timestamp":"2022-08-04T10:28:47.386Z"}
info: Connected to the database. {"timestamp":"2022-08-04T10:28:47.414Z"}
info: Server started at http://localhost:3000/api/v1/ {"timestamp":"2022-08-04T10:28:51.728Z"}
info: Connected to the database. {"timestamp":"2022-08-04T10:28:51.754Z"}
info: Server started at http://localhost:3000/api/v1/ {"timestamp":"2022-08-04T10:28:57.493Z"}
info: Connected to the database. {"timestamp":"2022-08-04T10:28:57.526Z"}
info: Server started at http://localhost:3000/api/v1/ {"timestamp":"2022-08-04T10:33:46.890Z"}
info: Connected to the database. {"timestamp":"2022-08-04T10:33:46.915Z"}
