info: Server started at http://localhost:3000/api/v1/ {"timestamp":"2022-08-05T03:00:06.470Z"}
info: Connected to the database. {"timestamp":"2022-08-05T03:00:06.493Z"}
info: Server started at http://localhost:3000/api/v1/ {"timestamp":"2022-08-05T03:03:26.335Z"}
info: Connected to the database. {"timestamp":"2022-08-05T03:03:26.369Z"}
info: Server started at http://localhost:3000/api/v1/ {"timestamp":"2022-08-05T03:04:56.669Z"}
info: Connected to the database. {"timestamp":"2022-08-05T03:04:56.699Z"}
info: Server started at http://localhost:3000/api/v1/ {"timestamp":"2022-08-05T03:05:01.090Z"}
info: Connected to the database. {"timestamp":"2022-08-05T03:05:01.130Z"}
info: Server started at http://localhost:3000/api/v1/ {"timestamp":"2022-08-05T05:38:25.528Z"}
info: Connected to the database. {"timestamp":"2022-08-05T05:38:25.566Z"}
info: Server started at http://localhost:3000/api/v1/ {"timestamp":"2022-08-05T05:53:06.911Z"}
info: Connected to the database. {"timestamp":"2022-08-05T05:53:06.940Z"}
info: Server started at http://localhost:3000/api/v1/ {"timestamp":"2022-08-05T05:53:25.471Z"}
info: Connected to the database. {"timestamp":"2022-08-05T05:53:25.505Z"}
info: Server started at http://localhost:3000/api/v1/ {"timestamp":"2022-08-05T05:53:37.909Z"}
info: Connected to the database. {"timestamp":"2022-08-05T05:53:37.933Z"}
info: Server started at http://localhost:3000/api/v1/ {"timestamp":"2022-08-05T05:53:59.744Z"}
info: Connected to the database. {"timestamp":"2022-08-05T05:53:59.769Z"}
info: Server started at http://localhost:3000/api/v1/ {"timestamp":"2022-08-05T05:54:02.925Z"}
info: Connected to the database. {"timestamp":"2022-08-05T05:54:02.948Z"}
info: Server started at http://localhost:3000/api/v1/ {"timestamp":"2022-08-05T05:54:19.300Z"}
info: Connected to the database. {"timestamp":"2022-08-05T05:54:19.329Z"}
info: Server started at http://localhost:3000/api/v1/ {"timestamp":"2022-08-05T05:54:22.211Z"}
info: Connected to the database. {"timestamp":"2022-08-05T05:54:22.237Z"}
info: Server started at http://localhost:3000/api/v1/ {"timestamp":"2022-08-05T05:54:29.506Z"}
info: Connected to the database. {"timestamp":"2022-08-05T05:54:29.531Z"}
info: Server started at http://localhost:3000/api/v1/ {"timestamp":"2022-08-05T05:54:35.081Z"}
info: Connected to the database. {"timestamp":"2022-08-05T05:54:35.108Z"}
info: Server started at http://localhost:3000/api/v1/ {"timestamp":"2022-08-05T05:54:51.423Z"}
info: Connected to the database. {"timestamp":"2022-08-05T05:54:51.447Z"}
info: Server started at http://localhost:3000/api/v1/ {"timestamp":"2022-08-05T05:55:02.146Z"}
info: Connected to the database. {"timestamp":"2022-08-05T05:55:02.182Z"}
info: Server started at http://localhost:3000/api/v1/ {"timestamp":"2022-08-05T05:55:07.578Z"}
info: Connected to the database. {"timestamp":"2022-08-05T05:55:07.622Z"}
info: Server started at http://localhost:3000/api/v1/ {"timestamp":"2022-08-05T05:55:11.989Z"}
info: Connected to the database. {"timestamp":"2022-08-05T05:55:12.018Z"}
info: Server started at http://localhost:3000/api/v1/ {"timestamp":"2022-08-05T05:55:16.934Z"}
info: Connected to the database. {"timestamp":"2022-08-05T05:55:16.961Z"}
info: Server started at http://localhost:3000/api/v1/ {"timestamp":"2022-08-05T05:55:22.772Z"}
info: Connected to the database. {"timestamp":"2022-08-05T05:55:22.797Z"}
info: Server started at http://localhost:3000/api/v1/ {"timestamp":"2022-08-05T05:55:35.365Z"}
info: Connected to the database. {"timestamp":"2022-08-05T05:55:35.389Z"}
info: Server started at http://localhost:3000/api/v1/ {"timestamp":"2022-08-05T05:55:39.271Z"}
info: Connected to the database. {"timestamp":"2022-08-05T05:55:39.301Z"}
info: Server started at http://localhost:3000/api/v1/ {"timestamp":"2022-08-05T05:55:55.515Z"}
info: Connected to the database. {"timestamp":"2022-08-05T05:55:55.555Z"}
info: Server started at http://localhost:3000/api/v1/ {"timestamp":"2022-08-05T05:56:03.884Z"}
info: Connected to the database. {"timestamp":"2022-08-05T05:56:03.909Z"}
info: Server started at http://localhost:3000/api/v1/ {"timestamp":"2022-08-05T05:56:07.723Z"}
info: Connected to the database. {"timestamp":"2022-08-05T05:56:07.752Z"}
info: Server started at http://localhost:3000/api/v1/ {"timestamp":"2022-08-05T05:56:11.786Z"}
info: Connected to the database. {"timestamp":"2022-08-05T05:56:11.813Z"}
info: Server started at http://localhost:3000/api/v1/ {"timestamp":"2022-08-05T05:56:23.887Z"}
info: Connected to the database. {"timestamp":"2022-08-05T05:56:23.912Z"}
info: Server started at http://localhost:3000/api/v1/ {"timestamp":"2022-08-05T05:56:30.724Z"}
info: Connected to the database. {"timestamp":"2022-08-05T05:56:30.747Z"}
info: Server started at http://localhost:3000/api/v1/ {"timestamp":"2022-08-05T05:57:12.310Z"}
info: Connected to the database. {"timestamp":"2022-08-05T05:57:12.339Z"}
info: Server started at http://localhost:3000/api/v1/ {"timestamp":"2022-08-05T05:57:15.087Z"}
info: Connected to the database. {"timestamp":"2022-08-05T05:57:15.122Z"}
info: Server started at http://localhost:3000/api/v1/ {"timestamp":"2022-08-05T05:57:17.252Z"}
info: Connected to the database. {"timestamp":"2022-08-05T05:57:17.271Z"}
info: Server started at http://localhost:3000/api/v1/ {"timestamp":"2022-08-05T05:57:21.086Z"}
info: Connected to the database. {"timestamp":"2022-08-05T05:57:21.113Z"}
info: Server started at http://localhost:3000/api/v1/ {"timestamp":"2022-08-05T05:57:27.499Z"}
info: Connected to the database. {"timestamp":"2022-08-05T05:57:27.526Z"}
info: Server started at http://localhost:3000/api/v1/ {"timestamp":"2022-08-05T05:58:19.614Z"}
info: Connected to the database. {"timestamp":"2022-08-05T05:58:19.640Z"}
info: Server started at http://localhost:3000/api/v1/ {"timestamp":"2022-08-05T05:58:24.881Z"}
info: Connected to the database. {"timestamp":"2022-08-05T05:58:24.906Z"}
info: Server started at http://localhost:3000/api/v1/ {"timestamp":"2022-08-05T05:58:49.350Z"}
info: Connected to the database. {"timestamp":"2022-08-05T05:58:49.380Z"}
info: Server started at http://localhost:3000/api/v1/ {"timestamp":"2022-08-05T05:59:17.633Z"}
info: Connected to the database. {"timestamp":"2022-08-05T05:59:17.660Z"}
info: Server started at http://localhost:3000/api/v1/ {"timestamp":"2022-08-05T05:59:33.419Z"}
info: Connected to the database. {"timestamp":"2022-08-05T05:59:33.471Z"}
info: Server started at http://localhost:3000/api/v1/ {"timestamp":"2022-08-05T05:59:35.866Z"}
info: Connected to the database. {"timestamp":"2022-08-05T05:59:35.890Z"}
info: Server started at http://localhost:3000/api/v1/ {"timestamp":"2022-08-05T06:00:14.022Z"}
info: Connected to the database. {"timestamp":"2022-08-05T06:00:14.052Z"}
info: Server started at http://localhost:3000/api/v1/ {"timestamp":"2022-08-05T06:00:21.574Z"}
info: Connected to the database. {"timestamp":"2022-08-05T06:00:21.599Z"}
info: Server started at http://localhost:3000/api/v1/ {"timestamp":"2022-08-05T06:00:26.122Z"}
info: Connected to the database. {"timestamp":"2022-08-05T06:00:26.153Z"}
info: Server started at http://localhost:3000/api/v1/ {"timestamp":"2022-08-05T07:43:17.386Z"}
info: Connected to the database. {"timestamp":"2022-08-05T07:43:17.421Z"}
info: Server started at http://localhost:3000/api/v1/ {"timestamp":"2022-08-05T07:43:21.449Z"}
info: Connected to the database. {"timestamp":"2022-08-05T07:43:21.478Z"}
info: Server started at http://localhost:3000/api/v1/ {"timestamp":"2022-08-05T07:43:29.271Z"}
info: Connected to the database. {"timestamp":"2022-08-05T07:43:29.299Z"}
info: Server started at http://localhost:3000/api/v1/ {"timestamp":"2022-08-05T07:50:20.948Z"}
info: Connected to the database. {"timestamp":"2022-08-05T07:50:20.975Z"}
info: Connected to the database. {"timestamp":"2022-08-05T07:57:20.984Z"}
info: Connected to the database. {"timestamp":"2022-08-05T07:57:48.077Z"}
info: Connected to the database. {"timestamp":"2022-08-05T07:57:57.217Z"}
info: Connected to the database. {"timestamp":"2022-08-05T07:58:01.794Z"}
info: Connected to the database. {"timestamp":"2022-08-05T07:58:08.073Z"}
info: Connected to the database. {"timestamp":"2022-08-05T07:58:18.210Z"}
info: Connected to the database. {"timestamp":"2022-08-05T08:00:53.522Z"}
info: Connected to the database. {"timestamp":"2022-08-05T08:01:54.348Z"}
info: Connected to the database. {"timestamp":"2022-08-05T08:02:59.763Z"}
info: Connected to the database. {"timestamp":"2022-08-05T08:04:35.506Z"}
info: Connected to the database. {"timestamp":"2022-08-05T08:05:11.097Z"}
info: Connected to the database. {"timestamp":"2022-08-05T08:07:29.722Z"}
info: Connected to the database. {"timestamp":"2022-08-05T08:07:32.460Z"}
info: Connected to the database. {"timestamp":"2022-08-05T08:07:34.511Z"}
info: Connected to the database. {"timestamp":"2022-08-05T08:07:40.092Z"}
info: Connected to the database. {"timestamp":"2022-08-05T08:07:44.356Z"}
info: Connected to the database. {"timestamp":"2022-08-05T08:07:48.571Z"}
info: Connected to the database. {"timestamp":"2022-08-05T08:07:50.886Z"}
info: Connected to the database. {"timestamp":"2022-08-05T08:08:42.196Z"}
info: Connected to the database. {"timestamp":"2022-08-05T08:10:44.640Z"}
info: Connected to the database. {"timestamp":"2022-08-05T08:10:50.832Z"}
info: Connected to the database. {"timestamp":"2022-08-05T08:11:08.621Z"}
info: Connected to the database. {"timestamp":"2022-08-05T08:11:12.550Z"}
info: Connected to the database. {"timestamp":"2022-08-05T08:11:14.910Z"}
info: Connected to the database. {"timestamp":"2022-08-05T08:12:53.358Z"}
info: Connected to the database. {"timestamp":"2022-08-05T08:13:05.553Z"}
info: Connected to the database. {"timestamp":"2022-08-05T08:13:18.940Z"}
info: Connected to the database. {"timestamp":"2022-08-05T08:13:22.157Z"}
info: Connected to the database. {"timestamp":"2022-08-05T08:13:28.296Z"}
info: Connected to the database. {"timestamp":"2022-08-05T08:13:44.355Z"}
info: Connected to the database. {"timestamp":"2022-08-05T08:13:47.535Z"}
info: Connected to the database. {"timestamp":"2022-08-05T08:15:20.014Z"}
info: Connected to the database. {"timestamp":"2022-08-05T08:15:27.042Z"}
info: Connected to the database. {"timestamp":"2022-08-05T08:15:29.545Z"}
info: Connected to the database. {"timestamp":"2022-08-05T08:15:39.804Z"}
info: Connected to the database. {"timestamp":"2022-08-05T08:16:17.531Z"}
info: Connected to the database. {"timestamp":"2022-08-05T08:16:23.739Z"}
info: Connected to the database. {"timestamp":"2022-08-05T08:17:34.323Z"}
info: Connected to the database. {"timestamp":"2022-08-05T08:17:43.701Z"}
info: Connected to the database. {"timestamp":"2022-08-05T08:17:50.838Z"}
info: Connected to the database. {"timestamp":"2022-08-05T08:17:53.243Z"}
info: Connected to the database. {"timestamp":"2022-08-05T08:20:04.912Z"}
info: Connected to the database. {"timestamp":"2022-08-05T08:20:14.904Z"}
info: Connected to the database. {"timestamp":"2022-08-05T08:20:30.267Z"}
info: Connected to the database. {"timestamp":"2022-08-05T08:20:36.922Z"}
info: Connected to the database. {"timestamp":"2022-08-05T08:20:39.447Z"}
info: Connected to the database. {"timestamp":"2022-08-05T08:20:53.535Z"}
info: Connected to the database. {"timestamp":"2022-08-05T08:20:58.290Z"}
info: Connected to the database. {"timestamp":"2022-08-05T08:21:08.338Z"}
info: Connected to the database. {"timestamp":"2022-08-05T08:21:13.893Z"}
info: Connected to the database. {"timestamp":"2022-08-05T08:21:15.906Z"}
info: Connected to the database. {"timestamp":"2022-08-05T08:21:27.752Z"}
info: Connected to the database. {"timestamp":"2022-08-05T08:21:33.804Z"}
info: Connected to the database. {"timestamp":"2022-08-05T08:22:13.131Z"}
info: Connected to the database. {"timestamp":"2022-08-05T08:22:17.823Z"}
info: Connected to the database. {"timestamp":"2022-08-05T08:22:24.346Z"}
info: Connected to the database. {"timestamp":"2022-08-05T08:22:29.131Z"}
info: Connected to the database. {"timestamp":"2022-08-05T08:22:34.752Z"}
info: Connected to the database. {"timestamp":"2022-08-05T08:22:48.670Z"}
info: Connected to the database. {"timestamp":"2022-08-05T08:23:51.302Z"}
info: Connected to the database. {"timestamp":"2022-08-05T08:23:53.988Z"}
info: Connected to the database. {"timestamp":"2022-08-05T08:23:57.237Z"}
info: Connected to the database. {"timestamp":"2022-08-05T08:24:10.023Z"}
info: Connected to the database. {"timestamp":"2022-08-05T08:24:17.171Z"}
info: Connected to the database. {"timestamp":"2022-08-05T08:24:19.903Z"}
info: Connected to the database. {"timestamp":"2022-08-05T08:24:22.728Z"}
info: Connected to the database. {"timestamp":"2022-08-05T08:24:28.675Z"}
info: Connected to the database. {"timestamp":"2022-08-05T08:24:33.695Z"}
info: Connected to the database. {"timestamp":"2022-08-05T08:25:37.288Z"}
info: Connected to the database. {"timestamp":"2022-08-05T08:25:42.151Z"}
info: Connected to the database. {"timestamp":"2022-08-05T08:25:46.595Z"}
info: Connected to the database. {"timestamp":"2022-08-05T08:26:21.013Z"}
info: Connected to the database. {"timestamp":"2022-08-05T08:26:27.414Z"}
info: Connected to the database. {"timestamp":"2022-08-05T08:26:38.854Z"}
info: Connected to the database. {"timestamp":"2022-08-05T08:27:04.348Z"}
info: Connected to the database. {"timestamp":"2022-08-05T08:28:23.052Z"}
info: Connected to the database. {"timestamp":"2022-08-05T08:28:42.921Z"}
info: Connected to the database. {"timestamp":"2022-08-05T08:28:50.821Z"}
info: Connected to the database. {"timestamp":"2022-08-05T08:29:00.908Z"}
info: Connected to the database. {"timestamp":"2022-08-05T08:29:16.258Z"}
info: Connected to the database. {"timestamp":"2022-08-05T08:31:04.038Z"}
info: Connected to the database. {"timestamp":"2022-08-05T08:31:06.963Z"}
info: Connected to the database. {"timestamp":"2022-08-05T08:31:09.479Z"}
info: Connected to the database. {"timestamp":"2022-08-05T08:31:13.768Z"}
info: Connected to the database. {"timestamp":"2022-08-05T08:31:23.659Z"}
info: Connected to the database. {"timestamp":"2022-08-05T08:32:24.405Z"}
info: Connected to the database. {"timestamp":"2022-08-05T08:32:30.365Z"}
info: Connected to the database. {"timestamp":"2022-08-05T08:32:48.105Z"}
info: Connected to the database. {"timestamp":"2022-08-05T08:32:50.311Z"}
info: Connected to the database. {"timestamp":"2022-08-05T08:33:23.165Z"}
info: Connected to the database. {"timestamp":"2022-08-05T08:33:25.918Z"}
info: Connected to the database. {"timestamp":"2022-08-05T08:38:13.333Z"}
info: Connected to the database. {"timestamp":"2022-08-05T08:38:21.197Z"}
info: Connected to the database. {"timestamp":"2022-08-05T08:39:20.095Z"}
info: Connected to the database. {"timestamp":"2022-08-05T08:43:34.670Z"}
info: Connected to the database. {"timestamp":"2022-08-05T08:44:13.213Z"}
info: Connected to the database. {"timestamp":"2022-08-05T08:44:33.765Z"}
info: Connected to the database. {"timestamp":"2022-08-05T08:44:38.269Z"}
info: Connected to the database. {"timestamp":"2022-08-05T08:44:42.281Z"}
info: Connected to the database. {"timestamp":"2022-08-05T08:58:43.828Z"}
info: Connected to the database. {"timestamp":"2022-08-05T08:58:54.746Z"}
info: Connected to the database. {"timestamp":"2022-08-05T08:59:25.677Z"}
info: Connected to the database. {"timestamp":"2022-08-05T09:01:27.026Z"}
info: Connected to the database. {"timestamp":"2022-08-05T09:01:41.996Z"}
info: Connected to the database. {"timestamp":"2022-08-05T09:04:02.489Z"}
info: Connected to the database. {"timestamp":"2022-08-05T09:04:05.983Z"}
info: Connected to the database. {"timestamp":"2022-08-05T09:04:11.828Z"}
info: Connected to the database. {"timestamp":"2022-08-05T09:04:14.999Z"}
info: Connected to the database. {"timestamp":"2022-08-05T09:05:17.941Z"}
info: Connected to the database. {"timestamp":"2022-08-05T09:05:51.119Z"}
info: Connected to the database. {"timestamp":"2022-08-05T09:06:46.155Z"}
info: Connected to the database. {"timestamp":"2022-08-05T13:12:55.286Z"}
info: Connected to the database. {"timestamp":"2022-08-05T13:15:01.574Z"}
info: Connected to the database. {"timestamp":"2022-08-05T13:16:33.374Z"}
info: Server started at http://localhost:3000/api/v1/ {"timestamp":"2022-08-05T13:28:14.364Z"}
info: Connected to the database. {"timestamp":"2022-08-05T13:28:14.385Z"}
error: 
    status - 500 
    message - ValidationError: "isArchived" must be a boolean 
    url - /api/v1/note/addNote 
    method - POST 
    IP - ::1
   {"timestamp":"2022-08-05T13:28:35.442Z"}
error: 
    status - 500 
    message - ValidationError: "isArchived" must be a boolean 
    url - /api/v1/note/addNote 
    method - POST 
    IP - ::1
   {"timestamp":"2022-08-05T13:32:03.747Z"}
error: 
    status - 500 
    message - ValidationError: "userId" is not allowed 
    url - /api/v1/note/addNote 
    method - POST 
    IP - ::1
   {"timestamp":"2022-08-05T13:33:24.774Z"}
info: Server started at http://localhost:3000/api/v1/ {"timestamp":"2022-08-05T13:36:06.050Z"}
info: Connected to the database. {"timestamp":"2022-08-05T13:36:06.076Z"}
info: Server started at http://localhost:3000/api/v1/ {"timestamp":"2022-08-05T13:36:08.400Z"}
info: Connected to the database. {"timestamp":"2022-08-05T13:36:08.426Z"}
info: Server started at http://localhost:3000/api/v1/ {"timestamp":"2022-08-05T13:36:11.216Z"}
info: Connected to the database. {"timestamp":"2022-08-05T13:36:11.249Z"}
info: Server started at http://localhost:3000/api/v1/ {"timestamp":"2022-08-05T13:36:13.872Z"}
info: Connected to the database. {"timestamp":"2022-08-05T13:36:13.893Z"}
info: Server started at http://localhost:3000/api/v1/ {"timestamp":"2022-08-05T13:36:17.156Z"}
info: Connected to the database. {"timestamp":"2022-08-05T13:36:17.181Z"}
info: Server started at http://localhost:3000/api/v1/ {"timestamp":"2022-08-05T13:36:43.495Z"}
info: Connected to the database. {"timestamp":"2022-08-05T13:36:43.521Z"}
info: Server started at http://localhost:3000/api/v1/ {"timestamp":"2022-08-05T13:36:54.542Z"}
info: Connected to the database. {"timestamp":"2022-08-05T13:36:54.563Z"}
info: Server started at http://localhost:3000/api/v1/ {"timestamp":"2022-08-05T13:37:05.582Z"}
info: Connected to the database. {"timestamp":"2022-08-05T13:37:05.605Z"}
info: Server started at http://localhost:3000/api/v1/ {"timestamp":"2022-08-05T13:37:13.824Z"}
info: Connected to the database. {"timestamp":"2022-08-05T13:37:13.845Z"}
info: Server started at http://localhost:3000/api/v1/ {"timestamp":"2022-08-05T13:37:20.546Z"}
info: Connected to the database. {"timestamp":"2022-08-05T13:37:20.572Z"}
info: Server started at http://localhost:3000/api/v1/ {"timestamp":"2022-08-05T13:37:45.555Z"}
info: Connected to the database. {"timestamp":"2022-08-05T13:37:45.580Z"}
info: Server started at http://localhost:3000/api/v1/ {"timestamp":"2022-08-05T13:37:48.137Z"}
info: Connected to the database. {"timestamp":"2022-08-05T13:37:48.160Z"}
info: Server started at http://localhost:3000/api/v1/ {"timestamp":"2022-08-05T13:38:00.451Z"}
info: Connected to the database. {"timestamp":"2022-08-05T13:38:00.476Z"}
info: Server started at http://localhost:3000/api/v1/ {"timestamp":"2022-08-05T13:38:08.705Z"}
info: Connected to the database. {"timestamp":"2022-08-05T13:38:08.724Z"}
info: Server started at http://localhost:3000/api/v1/ {"timestamp":"2022-08-05T13:42:14.842Z"}
info: Connected to the database. {"timestamp":"2022-08-05T13:42:14.865Z"}
info: Server started at http://localhost:3000/api/v1/ {"timestamp":"2022-08-05T13:42:17.887Z"}
info: Connected to the database. {"timestamp":"2022-08-05T13:42:17.910Z"}
info: Server started at http://localhost:3000/api/v1/ {"timestamp":"2022-08-05T13:42:30.924Z"}
info: Connected to the database. {"timestamp":"2022-08-05T13:42:30.945Z"}
info: Server started at http://localhost:3000/api/v1/ {"timestamp":"2022-08-05T13:56:37.301Z"}
info: Connected to the database. {"timestamp":"2022-08-05T13:56:37.323Z"}
info: Server started at http://localhost:3000/api/v1/ {"timestamp":"2022-08-05T14:06:51.509Z"}
info: Connected to the database. {"timestamp":"2022-08-05T14:06:51.532Z"}
info: Server started at http://localhost:3000/api/v1/ {"timestamp":"2022-08-05T14:06:54.086Z"}
info: Connected to the database. {"timestamp":"2022-08-05T14:06:54.110Z"}
info: Server started at http://localhost:3000/api/v1/ {"timestamp":"2022-08-05T14:08:14.720Z"}
info: Connected to the database. {"timestamp":"2022-08-05T14:08:14.740Z"}
info: Server started at http://localhost:3000/api/v1/ {"timestamp":"2022-08-05T14:15:14.652Z"}
info: Connected to the database. {"timestamp":"2022-08-05T14:15:14.674Z"}
error: 
    status - 500 
    message - ValidationError: "Title" is required 
    url - /api/v1/note/addNote 
    method - POST 
    IP - ::1
   {"timestamp":"2022-08-05T14:22:02.243Z"}
info: Server started at http://localhost:3000/api/v1/ {"timestamp":"2022-08-05T14:29:21.508Z"}
info: Connected to the database. {"timestamp":"2022-08-05T14:29:21.534Z"}
info: Server started at http://localhost:3000/api/v1/ {"timestamp":"2022-08-05T14:29:26.505Z"}
info: Connected to the database. {"timestamp":"2022-08-05T14:29:26.526Z"}
info: Server started at http://localhost:3000/api/v1/ {"timestamp":"2022-08-05T14:29:29.420Z"}
info: Connected to the database. {"timestamp":"2022-08-05T14:29:29.443Z"}
info: Server started at http://localhost:3000/api/v1/ {"timestamp":"2022-08-05T14:50:31.204Z"}
info: Connected to the database. {"timestamp":"2022-08-05T14:50:31.223Z"}
info: Server started at http://localhost:3000/api/v1/ {"timestamp":"2022-08-05T14:50:34.592Z"}
info: Connected to the database. {"timestamp":"2022-08-05T14:50:34.612Z"}
info: Server started at http://localhost:3000/api/v1/ {"timestamp":"2022-08-05T14:55:40.058Z"}
info: Connected to the database. {"timestamp":"2022-08-05T14:55:40.079Z"}
info: Server started at http://localhost:3000/api/v1/ {"timestamp":"2022-08-05T14:55:55.056Z"}
info: Connected to the database. {"timestamp":"2022-08-05T14:55:55.075Z"}
info: Server started at http://localhost:3000/api/v1/ {"timestamp":"2022-08-05T14:56:49.384Z"}
info: Connected to the database. {"timestamp":"2022-08-05T14:56:49.412Z"}
info: Server started at http://localhost:3000/api/v1/ {"timestamp":"2022-08-05T15:06:36.159Z"}
info: Connected to the database. {"timestamp":"2022-08-05T15:06:36.179Z"}
info: Server started at http://localhost:3000/api/v1/ {"timestamp":"2022-08-05T15:06:40.126Z"}
info: Connected to the database. {"timestamp":"2022-08-05T15:06:40.146Z"}
info: Server started at http://localhost:3000/api/v1/ {"timestamp":"2022-08-05T15:06:44.861Z"}
info: Connected to the database. {"timestamp":"2022-08-05T15:06:44.880Z"}
info: Server started at http://localhost:3000/api/v1/ {"timestamp":"2022-08-05T15:17:10.927Z"}
info: Connected to the database. {"timestamp":"2022-08-05T15:17:10.948Z"}
info: Server started at http://localhost:3000/api/v1/ {"timestamp":"2022-08-05T15:19:39.974Z"}
info: Connected to the database. {"timestamp":"2022-08-05T15:19:39.995Z"}
info: Connected to the database. {"timestamp":"2022-08-05T15:20:22.801Z"}
info: Server started at http://localhost:3000/api/v1/ {"timestamp":"2022-08-05T15:20:29.013Z"}
info: Connected to the database. {"timestamp":"2022-08-05T15:20:29.035Z"}
info: Connected to the database. {"timestamp":"2022-08-05T15:20:29.199Z"}
