info: Server started at http://localhost:3000/api/v1/ {"timestamp":"2022-08-09T09:28:13.302Z"}
info: Connected to the database. {"timestamp":"2022-08-09T09:28:13.329Z"}
info: Server started at http://localhost:3000/api/v1/ {"timestamp":"2022-08-09T09:35:08.820Z"}
info: Connected to the database. {"timestamp":"2022-08-09T09:35:08.849Z"}
info: Server started at http://localhost:3000/api/v1/ {"timestamp":"2022-08-09T09:35:13.986Z"}
info: Connected to the database. {"timestamp":"2022-08-09T09:35:14.009Z"}
info: Server started at http://localhost:3000/api/v1/ {"timestamp":"2022-08-09T09:38:59.505Z"}
info: Connected to the database. {"timestamp":"2022-08-09T09:38:59.530Z"}
info: Server started at http://localhost:3000/api/v1/ {"timestamp":"2022-08-09T09:39:04.486Z"}
info: Connected to the database. {"timestamp":"2022-08-09T09:39:04.514Z"}
info: Server started at http://localhost:3000/api/v1/ {"timestamp":"2022-08-09T09:39:13.408Z"}
info: Connected to the database. {"timestamp":"2022-08-09T09:39:13.449Z"}
info: Server started at http://localhost:3000/api/v1/ {"timestamp":"2022-08-09T09:39:43.969Z"}
info: Connected to the database. {"timestamp":"2022-08-09T09:39:43.994Z"}
info: Server started at http://localhost:3000/api/v1/ {"timestamp":"2022-08-09T09:39:48.689Z"}
info: Connected to the database. {"timestamp":"2022-08-09T09:39:48.721Z"}
error: 
    status - 500 
    message - ValidationError: "userId" is not allowed 
    url - /api/v1/note/addNote 
    method - POST 
    IP - ::1
   {"timestamp":"2022-08-09T09:39:51.794Z"}
info: Server started at http://localhost:3000/api/v1/ {"timestamp":"2022-08-09T09:40:21.856Z"}
info: Connected to the database. {"timestamp":"2022-08-09T09:40:21.879Z"}
info: Server started at http://localhost:3000/api/v1/ {"timestamp":"2022-08-09T09:40:39.916Z"}
info: Connected to the database. {"timestamp":"2022-08-09T09:40:39.968Z"}
error: 
    status - 500 
    message - ValidationError: "userId" is not allowed 
    url - /api/v1/note/addNote 
    method - POST 
    IP - ::1
   {"timestamp":"2022-08-09T09:40:42.446Z"}
error: 
    status - 500 
    message - ValidationError: "userId" is not allowed 
    url - /api/v1/note/addNote 
    method - POST 
    IP - ::1
   {"timestamp":"2022-08-09T09:43:28.320Z"}
error: 
    status - 500 
    message - ValidationError: "Title" is required 
    url - /api/v1/note/addNote 
    method - POST 
    IP - ::1
   {"timestamp":"2022-08-09T09:45:41.680Z"}
error: 
    status - 500 
    message - ValidationError: "userId" is not allowed 
    url - /api/v1/note/addNote 
    method - POST 
    IP - ::1
   {"timestamp":"2022-08-09T09:46:39.160Z"}
info: Server started at http://localhost:3000/api/v1/ {"timestamp":"2022-08-09T09:48:33.808Z"}
info: Connected to the database. {"timestamp":"2022-08-09T09:48:33.852Z"}
info: Server started at http://localhost:3000/api/v1/ {"timestamp":"2022-08-09T09:49:15.461Z"}
info: Connected to the database. {"timestamp":"2022-08-09T09:49:15.489Z"}
info: Server started at http://localhost:3000/api/v1/ {"timestamp":"2022-08-09T09:49:20.073Z"}
info: Connected to the database. {"timestamp":"2022-08-09T09:49:20.097Z"}
error: 
    status - 500 
    message - ValidationError: "userId" is not allowed 
    url - /api/v1/note/addNote 
    method - POST 
    IP - ::1
   {"timestamp":"2022-08-09T09:49:50.862Z"}
info: Server started at http://localhost:3000/api/v1/ {"timestamp":"2022-08-09T09:51:18.735Z"}
info: Connected to the database. {"timestamp":"2022-08-09T09:51:18.766Z"}
info: Server started at http://localhost:3000/api/v1/ {"timestamp":"2022-08-09T09:52:22.144Z"}
info: Connected to the database. {"timestamp":"2022-08-09T09:52:22.201Z"}
info: Server started at http://localhost:3000/api/v1/ {"timestamp":"2022-08-09T09:52:35.829Z"}
info: Connected to the database. {"timestamp":"2022-08-09T09:52:35.856Z"}
info: Server started at http://localhost:3000/api/v1/ {"timestamp":"2022-08-09T13:30:01.902Z"}
info: Connected to the database. {"timestamp":"2022-08-09T13:30:01.929Z"}
