info: ::1 - - [03/Aug/2022:14:39:23 +0000] "POST /api/users HTTP/1.1" 404 47 "-" "PostmanRuntime/7.29.2"

info: ::1 - - [03/Aug/2022:14:39:56 +0000] "POST /api/users HTTP/1.1" 404 47 "-" "PostmanRuntime/7.29.2"

info: ::1 - - [03/Aug/2022:14:41:01 +0000] "POST /api/users HTTP/1.1" 404 47 "-" "PostmanRuntime/7.29.2"

info: ::1 - - [03/Aug/2022:14:47:57 +0000] "GET /api/users HTTP/1.1" 404 47 "-" "PostmanRuntime/7.29.2"

info: ::1 - - [03/Aug/2022:14:54:17 +0000] "POST /api/users HTTP/1.1" 404 47 "-" "PostmanRuntime/7.29.2"

info: ::1 - - [03/Aug/2022:14:54:19 +0000] "POST /api/users HTTP/1.1" 404 47 "-" "PostmanRuntime/7.29.2"

info: ::1 - - [03/Aug/2022:14:56:02 +0000] "POST /api/v1/users HTTP/1.1" 500 69 "-" "PostmanRuntime/7.29.2"

info: ::1 - - [03/Aug/2022:14:56:33 +0000] "POST /api/v1/users HTTP/1.1" 500 55 "-" "PostmanRuntime/7.29.2"

info: ::1 - - [03/Aug/2022:15:07:08 +0000] "POST /api/v1/users HTTP/1.1" 500 139 "-" "PostmanRuntime/7.29.2"

info: ::1 - - [03/Aug/2022:15:07:51 +0000] "POST /api/v1/users HTTP/1.1" 500 60 "-" "PostmanRuntime/7.29.2"

info: ::1 - - [03/Aug/2022:15:09:38 +0000] "POST /api/v1/users HTTP/1.1" 201 265 "-" "PostmanRuntime/7.29.2"

info: ::1 - - [03/Aug/2022:15:11:01 +0000] "POST /api/v1/users HTTP/1.1" 201 265 "-" "PostmanRuntime/7.29.2"

info: ::1 - - [04/Aug/2022:04:35:38 +0000] "POST /api/v1/login HTTP/1.1" 500 60 "-" "PostmanRuntime/7.29.2"

info: ::1 - - [04/Aug/2022:04:37:24 +0000] "POST /api/v1/users HTTP/1.1" 500 60 "-" "PostmanRuntime/7.29.2"

info: ::1 - - [04/Aug/2022:04:37:40 +0000] "POST /api/v1/users HTTP/1.1" 400 272 "-" "PostmanRuntime/7.29.2"

error: uncaughtException: error is not defined
ReferenceError: error is not defined
    at _callee3$ (C:\Urmila data\data\WorkSpace\FundooProject\FundooNotes\fundoo_notes\src\controllers\/user.controller.js:59:19)
    at tryCatch (C:\Urmila data\data\WorkSpace\FundooProject\FundooNotes\fundoo_notes\node_modules\@babel\runtime\helpers\regeneratorRuntime.js:86:17)
    at Generator._invoke (C:\Urmila data\data\WorkSpace\FundooProject\FundooNotes\fundoo_notes\node_modules\@babel\runtime\helpers\regeneratorRuntime.js:66:24)
    at Generator.next (C:\Urmila data\data\WorkSpace\FundooProject\FundooNotes\fundoo_notes\node_modules\@babel\runtime\helpers\regeneratorRuntime.js:117:21)
    at asyncGeneratorStep (C:\Urmila data\data\WorkSpace\FundooProject\FundooNotes\fundoo_notes\node_modules\@babel\runtime\helpers\asyncToGenerator.js:3:24)
    at _next (C:\Urmila data\data\WorkSpace\FundooProject\FundooNotes\fundoo_notes\node_modules\@babel\runtime\helpers\asyncToGenerator.js:25:9)
    at processTicksAndRejections (node:internal/process/task_queues:96:5) {"date":"Thu Aug 04 2022 10:07:40 GMT+0530 (India Standard Time)","error":{},"exception":true,"os":{"loadavg":[0,0,0],"uptime":426508},"process":{"argv":["node","C:\\Urmila data\\data\\WorkSpace\\FundooProject\\FundooNotes\\fundoo_notes\\src\\index.js"],"cwd":"C:\\Urmila data\\data\\WorkSpace\\FundooProject\\FundooNotes\\fundoo_notes","execPath":"C:\\Program Files\\nodejs\\node.exe","gid":null,"memoryUsage":{"arrayBuffers":18309646,"external":19981003,"heapTotal":49102848,"heapUsed":44406320,"rss":82325504},"pid":16244,"uid":null,"version":"v16.15.1"},"stack":"ReferenceError: error is not defined\n    at _callee3$ (C:\\Urmila data\\data\\WorkSpace\\FundooProject\\FundooNotes\\fundoo_notes\\src\\controllers\\/user.controller.js:59:19)\n    at tryCatch (C:\\Urmila data\\data\\WorkSpace\\FundooProject\\FundooNotes\\fundoo_notes\\node_modules\\@babel\\runtime\\helpers\\regeneratorRuntime.js:86:17)\n    at Generator._invoke (C:\\Urmila data\\data\\WorkSpace\\FundooProject\\FundooNotes\\fundoo_notes\\node_modules\\@babel\\runtime\\helpers\\regeneratorRuntime.js:66:24)\n    at Generator.next (C:\\Urmila data\\data\\WorkSpace\\FundooProject\\FundooNotes\\fundoo_notes\\node_modules\\@babel\\runtime\\helpers\\regeneratorRuntime.js:117:21)\n    at asyncGeneratorStep (C:\\Urmila data\\data\\WorkSpace\\FundooProject\\FundooNotes\\fundoo_notes\\node_modules\\@babel\\runtime\\helpers\\asyncToGenerator.js:3:24)\n    at _next (C:\\Urmila data\\data\\WorkSpace\\FundooProject\\FundooNotes\\fundoo_notes\\node_modules\\@babel\\runtime\\helpers\\asyncToGenerator.js:25:9)\n    at processTicksAndRejections (node:internal/process/task_queues:96:5)","trace":[{"column":19,"file":"C:\\Urmila data\\data\\WorkSpace\\FundooProject\\FundooNotes\\fundoo_notes\\src\\controllers\\/user.controller.js","function":"_callee3$","line":59,"method":null,"native":false},{"column":17,"file":"C:\\Urmila data\\data\\WorkSpace\\FundooProject\\FundooNotes\\fundoo_notes\\node_modules\\@babel\\runtime\\helpers\\regeneratorRuntime.js","function":"tryCatch","line":86,"method":null,"native":false},{"column":24,"file":"C:\\Urmila data\\data\\WorkSpace\\FundooProject\\FundooNotes\\fundoo_notes\\node_modules\\@babel\\runtime\\helpers\\regeneratorRuntime.js","function":"Generator._invoke","line":66,"method":"_invoke","native":false},{"column":21,"file":"C:\\Urmila data\\data\\WorkSpace\\FundooProject\\FundooNotes\\fundoo_notes\\node_modules\\@babel\\runtime\\helpers\\regeneratorRuntime.js","function":"Generator.next","line":117,"method":"next","native":false},{"column":24,"file":"C:\\Urmila data\\data\\WorkSpace\\FundooProject\\FundooNotes\\fundoo_notes\\node_modules\\@babel\\runtime\\helpers\\asyncToGenerator.js","function":"asyncGeneratorStep","line":3,"method":null,"native":false},{"column":9,"file":"C:\\Urmila data\\data\\WorkSpace\\FundooProject\\FundooNotes\\fundoo_notes\\node_modules\\@babel\\runtime\\helpers\\asyncToGenerator.js","function":"_next","line":25,"method":null,"native":false},{"column":5,"file":"node:internal/process/task_queues","function":"processTicksAndRejections","line":96,"method":null,"native":false}]}
error: uncaughtException: error is not defined
ReferenceError: error is not defined
    at _callee3$ (C:\Urmila data\data\WorkSpace\FundooProject\FundooNotes\fundoo_notes\src\controllers\/user.controller.js:59:19)
    at tryCatch (C:\Urmila data\data\WorkSpace\FundooProject\FundooNotes\fundoo_notes\node_modules\@babel\runtime\helpers\regeneratorRuntime.js:86:17)
    at Generator._invoke (C:\Urmila data\data\WorkSpace\FundooProject\FundooNotes\fundoo_notes\node_modules\@babel\runtime\helpers\regeneratorRuntime.js:66:24)
    at Generator.throw (C:\Urmila data\data\WorkSpace\FundooProject\FundooNotes\fundoo_notes\node_modules\@babel\runtime\helpers\regeneratorRuntime.js:117:21)
    at asyncGeneratorStep (C:\Urmila data\data\WorkSpace\FundooProject\FundooNotes\fundoo_notes\node_modules\@babel\runtime\helpers\asyncToGenerator.js:3:24)
    at _throw (C:\Urmila data\data\WorkSpace\FundooProject\FundooNotes\fundoo_notes\node_modules\@babel\runtime\helpers\asyncToGenerator.js:29:9)
    at processTicksAndRejections (node:internal/process/task_queues:96:5) {"date":"Thu Aug 04 2022 10:08:47 GMT+0530 (India Standard Time)","error":{},"exception":true,"os":{"loadavg":[0,0,0],"uptime":426576},"process":{"argv":["node","C:\\Urmila data\\data\\WorkSpace\\FundooProject\\FundooNotes\\fundoo_notes\\src\\index.js"],"cwd":"C:\\Urmila data\\data\\WorkSpace\\FundooProject\\FundooNotes\\fundoo_notes","execPath":"C:\\Program Files\\nodejs\\node.exe","gid":null,"memoryUsage":{"arrayBuffers":18909539,"external":22280067,"heapTotal":79249408,"heapUsed":50570440,"rss":114262016},"pid":28996,"uid":null,"version":"v16.15.1"},"stack":"ReferenceError: error is not defined\n    at _callee3$ (C:\\Urmila data\\data\\WorkSpace\\FundooProject\\FundooNotes\\fundoo_notes\\src\\controllers\\/user.controller.js:59:19)\n    at tryCatch (C:\\Urmila data\\data\\WorkSpace\\FundooProject\\FundooNotes\\fundoo_notes\\node_modules\\@babel\\runtime\\helpers\\regeneratorRuntime.js:86:17)\n    at Generator._invoke (C:\\Urmila data\\data\\WorkSpace\\FundooProject\\FundooNotes\\fundoo_notes\\node_modules\\@babel\\runtime\\helpers\\regeneratorRuntime.js:66:24)\n    at Generator.throw (C:\\Urmila data\\data\\WorkSpace\\FundooProject\\FundooNotes\\fundoo_notes\\node_modules\\@babel\\runtime\\helpers\\regeneratorRuntime.js:117:21)\n    at asyncGeneratorStep (C:\\Urmila data\\data\\WorkSpace\\FundooProject\\FundooNotes\\fundoo_notes\\node_modules\\@babel\\runtime\\helpers\\asyncToGenerator.js:3:24)\n    at _throw (C:\\Urmila data\\data\\WorkSpace\\FundooProject\\FundooNotes\\fundoo_notes\\node_modules\\@babel\\runtime\\helpers\\asyncToGenerator.js:29:9)\n    at processTicksAndRejections (node:internal/process/task_queues:96:5)","trace":[{"column":19,"file":"C:\\Urmila data\\data\\WorkSpace\\FundooProject\\FundooNotes\\fundoo_notes\\src\\controllers\\/user.controller.js","function":"_callee3$","line":59,"method":null,"native":false},{"column":17,"file":"C:\\Urmila data\\data\\WorkSpace\\FundooProject\\FundooNotes\\fundoo_notes\\node_modules\\@babel\\runtime\\helpers\\regeneratorRuntime.js","function":"tryCatch","line":86,"method":null,"native":false},{"column":24,"file":"C:\\Urmila data\\data\\WorkSpace\\FundooProject\\FundooNotes\\fundoo_notes\\node_modules\\@babel\\runtime\\helpers\\regeneratorRuntime.js","function":"Generator._invoke","line":66,"method":"_invoke","native":false},{"column":21,"file":"C:\\Urmila data\\data\\WorkSpace\\FundooProject\\FundooNotes\\fundoo_notes\\node_modules\\@babel\\runtime\\helpers\\regeneratorRuntime.js","function":"Generator.throw","line":117,"method":"throw","native":false},{"column":24,"file":"C:\\Urmila data\\data\\WorkSpace\\FundooProject\\FundooNotes\\fundoo_notes\\node_modules\\@babel\\runtime\\helpers\\asyncToGenerator.js","function":"asyncGeneratorStep","line":3,"method":null,"native":false},{"column":9,"file":"C:\\Urmila data\\data\\WorkSpace\\FundooProject\\FundooNotes\\fundoo_notes\\node_modules\\@babel\\runtime\\helpers\\asyncToGenerator.js","function":"_throw","line":29,"method":null,"native":false},{"column":5,"file":"node:internal/process/task_queues","function":"processTicksAndRejections","line":96,"method":null,"native":false}]}
info: ::1 - - [04/Aug/2022:04:43:25 +0000] "POST /api/v1/users HTTP/1.1" 400 270 "-" "PostmanRuntime/7.29.2"

error: uncaughtException: error is not defined
ReferenceError: error is not defined
    at _callee2$ (C:\Urmila data\data\WorkSpace\FundooProject\FundooNotes\fundoo_notes\src\controllers\/user.controller.js:39:19)
    at tryCatch (C:\Urmila data\data\WorkSpace\FundooProject\FundooNotes\fundoo_notes\node_modules\@babel\runtime\helpers\regeneratorRuntime.js:86:17)
    at Generator._invoke (C:\Urmila data\data\WorkSpace\FundooProject\FundooNotes\fundoo_notes\node_modules\@babel\runtime\helpers\regeneratorRuntime.js:66:24)
    at Generator.next (C:\Urmila data\data\WorkSpace\FundooProject\FundooNotes\fundoo_notes\node_modules\@babel\runtime\helpers\regeneratorRuntime.js:117:21)
    at asyncGeneratorStep (C:\Urmila data\data\WorkSpace\FundooProject\FundooNotes\fundoo_notes\node_modules\@babel\runtime\helpers\asyncToGenerator.js:3:24)
    at _next (C:\Urmila data\data\WorkSpace\FundooProject\FundooNotes\fundoo_notes\node_modules\@babel\runtime\helpers\asyncToGenerator.js:25:9)
    at processTicksAndRejections (node:internal/process/task_queues:96:5) {"date":"Thu Aug 04 2022 10:13:25 GMT+0530 (India Standard Time)","error":{},"exception":true,"os":{"loadavg":[0,0,0],"uptime":426853},"process":{"argv":["node","C:\\Urmila data\\data\\WorkSpace\\FundooProject\\FundooNotes\\fundoo_notes\\src\\index.js"],"cwd":"C:\\Urmila data\\data\\WorkSpace\\FundooProject\\FundooNotes\\fundoo_notes","execPath":"C:\\Program Files\\nodejs\\node.exe","gid":null,"memoryUsage":{"arrayBuffers":18309920,"external":19974332,"heapTotal":48054272,"heapUsed":44223856,"rss":81944576},"pid":25620,"uid":null,"version":"v16.15.1"},"stack":"ReferenceError: error is not defined\n    at _callee2$ (C:\\Urmila data\\data\\WorkSpace\\FundooProject\\FundooNotes\\fundoo_notes\\src\\controllers\\/user.controller.js:39:19)\n    at tryCatch (C:\\Urmila data\\data\\WorkSpace\\FundooProject\\FundooNotes\\fundoo_notes\\node_modules\\@babel\\runtime\\helpers\\regeneratorRuntime.js:86:17)\n    at Generator._invoke (C:\\Urmila data\\data\\WorkSpace\\FundooProject\\FundooNotes\\fundoo_notes\\node_modules\\@babel\\runtime\\helpers\\regeneratorRuntime.js:66:24)\n    at Generator.next (C:\\Urmila data\\data\\WorkSpace\\FundooProject\\FundooNotes\\fundoo_notes\\node_modules\\@babel\\runtime\\helpers\\regeneratorRuntime.js:117:21)\n    at asyncGeneratorStep (C:\\Urmila data\\data\\WorkSpace\\FundooProject\\FundooNotes\\fundoo_notes\\node_modules\\@babel\\runtime\\helpers\\asyncToGenerator.js:3:24)\n    at _next (C:\\Urmila data\\data\\WorkSpace\\FundooProject\\FundooNotes\\fundoo_notes\\node_modules\\@babel\\runtime\\helpers\\asyncToGenerator.js:25:9)\n    at processTicksAndRejections (node:internal/process/task_queues:96:5)","trace":[{"column":19,"file":"C:\\Urmila data\\data\\WorkSpace\\FundooProject\\FundooNotes\\fundoo_notes\\src\\controllers\\/user.controller.js","function":"_callee2$","line":39,"method":null,"native":false},{"column":17,"file":"C:\\Urmila data\\data\\WorkSpace\\FundooProject\\FundooNotes\\fundoo_notes\\node_modules\\@babel\\runtime\\helpers\\regeneratorRuntime.js","function":"tryCatch","line":86,"method":null,"native":false},{"column":24,"file":"C:\\Urmila data\\data\\WorkSpace\\FundooProject\\FundooNotes\\fundoo_notes\\node_modules\\@babel\\runtime\\helpers\\regeneratorRuntime.js","function":"Generator._invoke","line":66,"method":"_invoke","native":false},{"column":21,"file":"C:\\Urmila data\\data\\WorkSpace\\FundooProject\\FundooNotes\\fundoo_notes\\node_modules\\@babel\\runtime\\helpers\\regeneratorRuntime.js","function":"Generator.next","line":117,"method":"next","native":false},{"column":24,"file":"C:\\Urmila data\\data\\WorkSpace\\FundooProject\\FundooNotes\\fundoo_notes\\node_modules\\@babel\\runtime\\helpers\\asyncToGenerator.js","function":"asyncGeneratorStep","line":3,"method":null,"native":false},{"column":9,"file":"C:\\Urmila data\\data\\WorkSpace\\FundooProject\\FundooNotes\\fundoo_notes\\node_modules\\@babel\\runtime\\helpers\\asyncToGenerator.js","function":"_next","line":25,"method":null,"native":false},{"column":5,"file":"node:internal/process/task_queues","function":"processTicksAndRejections","line":96,"method":null,"native":false}]}
info: ::1 - - [04/Aug/2022:04:46:42 +0000] "GET /api/v1/login HTTP/1.1" 404 47 "-" "PostmanRuntime/7.29.2"

info: ::1 - - [04/Aug/2022:04:46:53 +0000] "GET /api/v1/login HTTP/1.1" 200 484 "-" "PostmanRuntime/7.29.2"

info: ::1 - - [04/Aug/2022:04:47:01 +0000] "GET /api/v1/login HTTP/1.1" 200 484 "-" "PostmanRuntime/7.29.2"

info: ::1 - - [04/Aug/2022:04:47:10 +0000] "GET /api/v1/login HTTP/1.1" 200 484 "-" "PostmanRuntime/7.29.2"

info: ::1 - - [04/Aug/2022:04:47:32 +0000] "GET /api/v1/login HTTP/1.1" 200 484 "-" "PostmanRuntime/7.29.2"

info: ::1 - - [04/Aug/2022:04:47:51 +0000] "GET /api/v1/user HTTP/1.1" 404 47 "-" "PostmanRuntime/7.29.2"

info: ::1 - - [04/Aug/2022:04:47:56 +0000] "GET /api/v1/user HTTP/1.1" 404 47 "-" "PostmanRuntime/7.29.2"

info: ::1 - - [04/Aug/2022:04:47:58 +0000] "GET /api/v1/user HTTP/1.1" 404 47 "-" "PostmanRuntime/7.29.2"

info: ::1 - - [04/Aug/2022:04:48:18 +0000] "GET /api/v1/users HTTP/1.1" 200 484 "-" "PostmanRuntime/7.29.2"

info: ::1 - - [04/Aug/2022:04:49:27 +0000] "GET /api/v1/login HTTP/1.1" 200 484 "-" "PostmanRuntime/7.29.2"

info: ::1 - - [04/Aug/2022:04:50:00 +0000] "GET /api/v1/login HTTP/1.1" 200 484 "-" "PostmanRuntime/7.29.2"

info: ::1 - - [04/Aug/2022:04:50:02 +0000] "GET /api/v1/login HTTP/1.1" 200 484 "-" "PostmanRuntime/7.29.2"

info: ::1 - - [04/Aug/2022:04:50:12 +0000] "GET /api/v1/login HTTP/1.1" 200 484 "-" "PostmanRuntime/7.29.2"

info: ::1 - - [04/Aug/2022:04:50:14 +0000] "GET /api/v1/login HTTP/1.1" 200 484 "-" "PostmanRuntime/7.29.2"

info: ::1 - - [04/Aug/2022:04:52:28 +0000] "GET /api/v1/login HTTP/1.1" 200 484 "-" "PostmanRuntime/7.29.2"

info: ::1 - - [04/Aug/2022:04:54:42 +0000] "GET /api/v1/login HTTP/1.1" 200 484 "-" "PostmanRuntime/7.29.2"

info: ::1 - - [04/Aug/2022:04:54:59 +0000] "GET /api/v1/login HTTP/1.1" 200 484 "-" "PostmanRuntime/7.29.2"

info: ::1 - - [04/Aug/2022:04:55:21 +0000] "POST /api/v1/login HTTP/1.1" 500 60 "-" "PostmanRuntime/7.29.2"

info: ::1 - - [04/Aug/2022:04:55:38 +0000] "POST /api/v1/login HTTP/1.1" 500 60 "-" "PostmanRuntime/7.29.2"

info: ::1 - - [04/Aug/2022:04:59:26 +0000] "POST /api/v1/login HTTP/1.1" 500 60 "-" "PostmanRuntime/7.29.2"

info: ::1 - - [04/Aug/2022:04:59:36 +0000] "POST /api/v1/login HTTP/1.1" 500 60 "-" "PostmanRuntime/7.29.2"

info: ::1 - - [04/Aug/2022:05:11:14 +0000] "POST /api/v1/users/login HTTP/1.1" 202 266 "-" "PostmanRuntime/7.29.2"

info: ::1 - - [04/Aug/2022:05:11:26 +0000] "POST /api/v1/users/login HTTP/1.1" 202 266 "-" "PostmanRuntime/7.29.2"

info: ::1 - - [04/Aug/2022:05:11:52 +0000] "GET /api/v1/users HTTP/1.1" 200 484 "-" "PostmanRuntime/7.29.2"

error: uncaughtException: error is not defined
ReferenceError: error is not defined
    at _callee2$ (C:\Urmila data\data\WorkSpace\FundooProject\FundooNotes\fundoo_notes\src\controllers\/user.controller.js:39:19)
    at tryCatch (C:\Urmila data\data\WorkSpace\FundooProject\FundooNotes\fundoo_notes\node_modules\@babel\runtime\helpers\regeneratorRuntime.js:86:17)
    at Generator._invoke (C:\Urmila data\data\WorkSpace\FundooProject\FundooNotes\fundoo_notes\node_modules\@babel\runtime\helpers\regeneratorRuntime.js:66:24)
    at Generator.throw (C:\Urmila data\data\WorkSpace\FundooProject\FundooNotes\fundoo_notes\node_modules\@babel\runtime\helpers\regeneratorRuntime.js:117:21)
    at asyncGeneratorStep (C:\Urmila data\data\WorkSpace\FundooProject\FundooNotes\fundoo_notes\node_modules\@babel\runtime\helpers\asyncToGenerator.js:3:24)
    at _throw (C:\Urmila data\data\WorkSpace\FundooProject\FundooNotes\fundoo_notes\node_modules\@babel\runtime\helpers\asyncToGenerator.js:29:9)
    at processTicksAndRejections (node:internal/process/task_queues:96:5) {"date":"Thu Aug 04 2022 10:43:24 GMT+0530 (India Standard Time)","error":{},"exception":true,"os":{"loadavg":[0,0,0],"uptime":428652},"process":{"argv":["node","C:\\Urmila data\\data\\WorkSpace\\FundooProject\\FundooNotes\\fundoo_notes\\src\\index.js"],"cwd":"C:\\Urmila data\\data\\WorkSpace\\FundooProject\\FundooNotes\\fundoo_notes","execPath":"C:\\Program Files\\nodejs\\node.exe","gid":null,"memoryUsage":{"arrayBuffers":18295444,"external":19995671,"heapTotal":48840704,"heapUsed":44123896,"rss":82169856},"pid":32436,"uid":null,"version":"v16.15.1"},"stack":"ReferenceError: error is not defined\n    at _callee2$ (C:\\Urmila data\\data\\WorkSpace\\FundooProject\\FundooNotes\\fundoo_notes\\src\\controllers\\/user.controller.js:39:19)\n    at tryCatch (C:\\Urmila data\\data\\WorkSpace\\FundooProject\\FundooNotes\\fundoo_notes\\node_modules\\@babel\\runtime\\helpers\\regeneratorRuntime.js:86:17)\n    at Generator._invoke (C:\\Urmila data\\data\\WorkSpace\\FundooProject\\FundooNotes\\fundoo_notes\\node_modules\\@babel\\runtime\\helpers\\regeneratorRuntime.js:66:24)\n    at Generator.throw (C:\\Urmila data\\data\\WorkSpace\\FundooProject\\FundooNotes\\fundoo_notes\\node_modules\\@babel\\runtime\\helpers\\regeneratorRuntime.js:117:21)\n    at asyncGeneratorStep (C:\\Urmila data\\data\\WorkSpace\\FundooProject\\FundooNotes\\fundoo_notes\\node_modules\\@babel\\runtime\\helpers\\asyncToGenerator.js:3:24)\n    at _throw (C:\\Urmila data\\data\\WorkSpace\\FundooProject\\FundooNotes\\fundoo_notes\\node_modules\\@babel\\runtime\\helpers\\asyncToGenerator.js:29:9)\n    at processTicksAndRejections (node:internal/process/task_queues:96:5)","trace":[{"column":19,"file":"C:\\Urmila data\\data\\WorkSpace\\FundooProject\\FundooNotes\\fundoo_notes\\src\\controllers\\/user.controller.js","function":"_callee2$","line":39,"method":null,"native":false},{"column":17,"file":"C:\\Urmila data\\data\\WorkSpace\\FundooProject\\FundooNotes\\fundoo_notes\\node_modules\\@babel\\runtime\\helpers\\regeneratorRuntime.js","function":"tryCatch","line":86,"method":null,"native":false},{"column":24,"file":"C:\\Urmila data\\data\\WorkSpace\\FundooProject\\FundooNotes\\fundoo_notes\\node_modules\\@babel\\runtime\\helpers\\regeneratorRuntime.js","function":"Generator._invoke","line":66,"method":"_invoke","native":false},{"column":21,"file":"C:\\Urmila data\\data\\WorkSpace\\FundooProject\\FundooNotes\\fundoo_notes\\node_modules\\@babel\\runtime\\helpers\\regeneratorRuntime.js","function":"Generator.throw","line":117,"method":"throw","native":false},{"column":24,"file":"C:\\Urmila data\\data\\WorkSpace\\FundooProject\\FundooNotes\\fundoo_notes\\node_modules\\@babel\\runtime\\helpers\\asyncToGenerator.js","function":"asyncGeneratorStep","line":3,"method":null,"native":false},{"column":9,"file":"C:\\Urmila data\\data\\WorkSpace\\FundooProject\\FundooNotes\\fundoo_notes\\node_modules\\@babel\\runtime\\helpers\\asyncToGenerator.js","function":"_throw","line":29,"method":null,"native":false},{"column":5,"file":"node:internal/process/task_queues","function":"processTicksAndRejections","line":96,"method":null,"native":false}]}
info: ::1 - - [04/Aug/2022:05:16:09 +0000] "POST /api/v1/users/login HTTP/1.1" 400 49 "-" "PostmanRuntime/7.29.2"

info: ::1 - - [04/Aug/2022:05:16:34 +0000] "POST /api/v1/users/login HTTP/1.1" 400 49 "-" "PostmanRuntime/7.29.2"

info: ::1 - - [04/Aug/2022:05:16:49 +0000] "POST /api/v1/users/login HTTP/1.1" 202 266 "-" "PostmanRuntime/7.29.2"

info: ::1 - - [04/Aug/2022:05:17:01 +0000] "POST /api/v1/users/login HTTP/1.1" 202 266 "-" "PostmanRuntime/7.29.2"

info: ::1 - - [04/Aug/2022:05:17:17 +0000] "POST /api/v1/users/login HTTP/1.1" 202 266 "-" "PostmanRuntime/7.29.2"

info: ::1 - - [04/Aug/2022:05:17:19 +0000] "POST /api/v1/users/login HTTP/1.1" 202 266 "-" "PostmanRuntime/7.29.2"

info: ::1 - - [04/Aug/2022:05:17:39 +0000] "POST /api/v1/users/login HTTP/1.1" 400 49 "-" "PostmanRuntime/7.29.2"

